Using pre-set license
Built from '2021.3/staging' branch; Version is '2021.3.15f1 (e8e88683f834) revision 15263878'; Using compiler version '192829333'; Build Type 'Release'
OS: 'Windows 11  (10.0.22621) 64bit Professional' Language: 'fr' Physical Memory: 16251 MB
BatchMode: 1, IsHumanControllingUs: 0, StartBugReporterOnCrash: 0, Is64bit: 1, IsPro: 1

COMMAND LINE ARGUMENTS:
C:\Program Files\Unity\Hub\Editor\2021.3.15f1\Editor\Unity.exe
-adb2
-batchMode
-noUpm
-name
AssetImportWorker0
-projectPath
D:/5A/Source/AI Base Project - RED versus GREEN
-logFile
Logs/AssetImportWorker0.log
-srvPort
58018
Successfully changed project path to: D:/5A/Source/AI Base Project - RED versus GREEN
D:/5A/Source/AI Base Project - RED versus GREEN
[UnityMemory] Configuration Parameters - Can be set up in boot.config
    "memorysetup-bucket-allocator-granularity=16"
    "memorysetup-bucket-allocator-bucket-count=8"
    "memorysetup-bucket-allocator-block-size=33554432"
    "memorysetup-bucket-allocator-block-count=8"
    "memorysetup-main-allocator-block-size=16777216"
    "memorysetup-thread-allocator-block-size=16777216"
    "memorysetup-gfx-main-allocator-block-size=16777216"
    "memorysetup-gfx-thread-allocator-block-size=16777216"
    "memorysetup-cache-allocator-block-size=4194304"
    "memorysetup-typetree-allocator-block-size=2097152"
    "memorysetup-profiler-bucket-allocator-granularity=16"
    "memorysetup-profiler-bucket-allocator-bucket-count=8"
    "memorysetup-profiler-bucket-allocator-block-size=33554432"
    "memorysetup-profiler-bucket-allocator-block-count=8"
    "memorysetup-profiler-allocator-block-size=16777216"
    "memorysetup-profiler-editor-allocator-block-size=1048576"
    "memorysetup-temp-allocator-size-main=16777216"
    "memorysetup-job-temp-allocator-block-size=2097152"
    "memorysetup-job-temp-allocator-block-size-background=1048576"
    "memorysetup-job-temp-allocator-reduction-small-platforms=262144"
    "memorysetup-temp-allocator-size-background-worker=32768"
    "memorysetup-temp-allocator-size-job-worker=262144"
    "memorysetup-temp-allocator-size-preload-manager=33554432"
    "memorysetup-temp-allocator-size-nav-mesh-worker=65536"
    "memorysetup-temp-allocator-size-audio-worker=65536"
    "memorysetup-temp-allocator-size-cloud-worker=32768"
    "memorysetup-temp-allocator-size-gi-baking-worker=262144"
    "memorysetup-temp-allocator-size-gfx=262144"
Player connection [9576] Host "[IP] 192.168.115.1 [Port] 0 [Flags] 2 [Guid] 1225588714 [EditorId] 1225588714 [Version] 1048832 [Id] WindowsEditor(7,daffy) [Debug] 1 [PackageName] WindowsEditor [ProjectName] Editor" joined multi-casting on [225.0.0.222:54997]...

Player connection [9576] Host "[IP] 192.168.115.1 [Port] 0 [Flags] 2 [Guid] 1225588714 [EditorId] 1225588714 [Version] 1048832 [Id] WindowsEditor(7,daffy) [Debug] 1 [PackageName] WindowsEditor [ProjectName] Editor" joined alternative multi-casting on [225.0.0.222:34997]...

Refreshing native plugins compatible for Editor in 188.69 ms, found 3 plugins.
Preloading 0 native plugins for Editor in 0.00 ms.
Initialize engine version: 2021.3.15f1 (e8e88683f834)
[Subsystems] Discovering subsystems at path C:/Program Files/Unity/Hub/Editor/2021.3.15f1/Editor/Data/Resources/UnitySubsystems
[Subsystems] Discovering subsystems at path D:/5A/Source/AI Base Project - RED versus GREEN/Assets
GfxDevice: creating device client; threaded=0; jobified=0
Direct3D:
    Version:  Direct3D 11.0 [level 11.1]
    Renderer: NVIDIA GeForce RTX 2070 Super with Max-Q Design (ID=0x1e91)
    Vendor:   NVIDIA
    VRAM:     8003 MB
    Driver:   31.0.15.2756
Initialize mono
Mono path[0] = 'C:/Program Files/Unity/Hub/Editor/2021.3.15f1/Editor/Data/Managed'
Mono path[1] = 'C:/Program Files/Unity/Hub/Editor/2021.3.15f1/Editor/Data/MonoBleedingEdge/lib/mono/unityjit-win32'
Mono config path = 'C:/Program Files/Unity/Hub/Editor/2021.3.15f1/Editor/Data/MonoBleedingEdge/etc'
Using monoOptions --debugger-agent=transport=dt_socket,embedding=1,server=y,suspend=n,address=127.0.0.1:56316
Begin MonoManager ReloadAssembly
Registering precompiled unity dll's ...
Register platform support module: C:/Program Files/Unity/Hub/Editor/2021.3.15f1/Editor/Data/PlaybackEngines/WindowsStandaloneSupport/UnityEditor.WindowsStandalone.Extensions.dll
Registered in 0.011487 seconds.
Native extension for WindowsStandalone target not found
Refreshing native plugins compatible for Editor in 175.68 ms, found 3 plugins.
Preloading 0 native plugins for Editor in 0.00 ms.
Mono: successfully reloaded assembly
- Completed reload, in  1.494 seconds
Domain Reload Profiling:
	ReloadAssembly (1495ms)
		BeginReloadAssembly (191ms)
			ExecutionOrderSort (0ms)
			DisableScriptedObjects (0ms)
			BackupInstance (0ms)
			ReleaseScriptingObjects (0ms)
			CreateAndSetChildDomain (2ms)
		EndReloadAssembly (1051ms)
			LoadAssemblies (186ms)
			RebuildTransferFunctionScriptingTraits (0ms)
			SetupTypeCache (239ms)
			ReleaseScriptCaches (0ms)
			RebuildScriptCaches (67ms)
			SetupLoadedEditorAssemblies (631ms)
				LogAssemblyErrors (0ms)
				InitializePlatformSupportModulesInManaged (16ms)
				SetLoadedEditorAssemblies (0ms)
				RefreshPlugins (176ms)
				BeforeProcessingInitializeOnLoad (3ms)
				ProcessInitializeOnLoadAttributes (329ms)
				ProcessInitializeOnLoadMethodAttributes (106ms)
				AfterProcessingInitializeOnLoad (0ms)
				EditorAssembliesLoaded (0ms)
			ExecutionOrderSort2 (0ms)
			AwakeInstancesAfterBackupRestoration (0ms)
Platform modules already initialized, skipping
Registering precompiled user dll's ...
Registered in 0.008981 seconds.
Begin MonoManager ReloadAssembly
Symbol file LoadedFromMemory doesn't match image D:\5A\Source\AI Base Project - RED versus GREEN\Library\PackageCache\com.unity.visualscripting@1.7.8\Editor\VisualScripting.Core\Dependencies\YamlDotNet\Unity.VisualScripting.YamlDotNet.dll
Symbol file LoadedFromMemory doesn't match image D:\5A\Source\AI Base Project - RED versus GREEN\Library\PackageCache\com.unity.visualscripting@1.7.8\Editor\VisualScripting.Core\Dependencies\DotNetZip\Unity.VisualScripting.IonicZip.dll
Native extension for WindowsStandalone target not found
Refreshing native plugins compatible for Editor in 1.12 ms, found 3 plugins.
Preloading 0 native plugins for Editor in 0.00 ms.
Mono: successfully reloaded assembly
- Completed reload, in  2.174 seconds
Domain Reload Profiling:
	ReloadAssembly (2176ms)
		BeginReloadAssembly (246ms)
			ExecutionOrderSort (0ms)
			DisableScriptedObjects (13ms)
			BackupInstance (0ms)
			ReleaseScriptingObjects (0ms)
			CreateAndSetChildDomain (39ms)
		EndReloadAssembly (1676ms)
			LoadAssemblies (175ms)
			RebuildTransferFunctionScriptingTraits (0ms)
			SetupTypeCache (500ms)
			ReleaseScriptCaches (1ms)
			RebuildScriptCaches (128ms)
			SetupLoadedEditorAssemblies (790ms)
				LogAssemblyErrors (0ms)
				InitializePlatformSupportModulesInManaged (11ms)
				SetLoadedEditorAssemblies (1ms)
				RefreshPlugins (1ms)
				BeforeProcessingInitializeOnLoad (171ms)
				ProcessInitializeOnLoadAttributes (534ms)
				ProcessInitializeOnLoadMethodAttributes (55ms)
				AfterProcessingInitializeOnLoad (16ms)
				EditorAssembliesLoaded (0ms)
			ExecutionOrderSort2 (0ms)
			AwakeInstancesAfterBackupRestoration (15ms)
Platform modules already initialized, skipping
========================================================================
Worker process is ready to serve import requests
Launched and connected shader compiler UnityShaderCompiler.exe after 0.10 seconds
Refreshing native plugins compatible for Editor in 1.87 ms, found 3 plugins.
Preloading 0 native plugins for Editor in 0.00 ms.
Unloading 3925 Unused Serialized files (Serialized files now loaded: 0)
Unloading 26 unused Assets / (58.5 KB). Loaded Objects now: 4412.
Memory consumption went from 133.5 MB to 133.5 MB.
Total: 8.815300 ms (FindLiveObjects: 0.671700 ms CreateObjectMapping: 0.805600 ms MarkObjects: 7.112600 ms  DeleteObjects: 0.223100 ms)

AssetImportParameters requested are different than current active one (requested -> active):
  custom:video-decoder-ogg-theora: a1e56fd34408186e4bbccfd4996cb3dc -> 
  custom:container-muxer-webm: aa71ff27fc2769a1b78a27578f13a17b -> 
  custom:container-demuxer-webm: 4f35f7cbe854078d1ac9338744f61a02 -> 
  custom:video-encoder-webm-vp8: eb34c28f22e8b96e1ab97ce403110664 -> 
  custom:video-codec-MediaFoundation-h265: 746d11721c4dcdbdad8f713fa42b33f4 -> 
  custom:audio-encoder-webm-vorbis: bf7c407c2cedff20999df2af8eb42d56 -> 
  custom:framework-win-MediaFoundation: 216162199b28c13a410421893ffa2e32 -> 
  custom:container-demuxer-ogg: 62fdf1f143b41e24485cea50d1cbac27 -> 
  custom:video-decoder-webm-vp8: 9c59270c3fd7afecdb556c50c9e8de78 -> 
  custom:audio-decoder-ogg-vorbis: bf7c407c2cedff20999df2af8eb42d56 -> 
========================================================================
Received Import Request.
  Time since last request: 10232.553819 seconds.
  path: Assets/Behavior Designer/Behavior Designer
  artifactKey: Guid(7b303277dfa449d4a93437535228816d) Importer(815301076,1909f56bfc062723c751e8b465ee728b)
Start importing Assets/Behavior Designer/Behavior Designer using Guid(7b303277dfa449d4a93437535228816d) Importer(815301076,1909f56bfc062723c751e8b465ee728b)  -> (artifact id: 'd4982fc29c78ea74429727f4f6ffccfe') in 0.026920 seconds 
========================================================================
Received Import Request.
  Time since last request: 7.230202 seconds.
  path: Assets/Behavior Designer/Behavior Designer Samples/MiniGauntlet/Materials/blue.mat
  artifactKey: Guid(f7dabfea19eeb6a4f8b5eaf8f18d7961) Importer(815301076,1909f56bfc062723c751e8b465ee728b)
Start importing Assets/Behavior Designer/Behavior Designer Samples/MiniGauntlet/Materials/blue.mat using Guid(f7dabfea19eeb6a4f8b5eaf8f18d7961) Importer(815301076,1909f56bfc062723c751e8b465ee728b)  -> (artifact id: '1f5955cf6a5484d78c8084258c22229f') in 0.520097 seconds 
========================================================================
Received Import Request.
  Time since last request: 0.000042 seconds.
  path: Assets/Behavior Designer/Behavior Designer Samples/RTS/Materials/Enemy Building.mat
  artifactKey: Guid(e3f086ca2ca465c43b992996c931da7e) Importer(815301076,1909f56bfc062723c751e8b465ee728b)
Start importing Assets/Behavior Designer/Behavior Designer Samples/RTS/Materials/Enemy Building.mat using Guid(e3f086ca2ca465c43b992996c931da7e) Importer(815301076,1909f56bfc062723c751e8b465ee728b)  -> (artifact id: 'c165edea1f58e77250593728fed55841') in 0.028650 seconds 
========================================================================
Received Import Request.
  Time since last request: 0.000044 seconds.
  path: Assets/Gfx/True Explosions/Scenes/common/DTNAMITE.mat
  artifactKey: Guid(3e20f5bf9d56acd4fa71977443cee93a) Importer(815301076,1909f56bfc062723c751e8b465ee728b)
Start importing Assets/Gfx/True Explosions/Scenes/common/DTNAMITE.mat using Guid(3e20f5bf9d56acd4fa71977443cee93a) Importer(815301076,1909f56bfc062723c751e8b465ee728b)  -> (artifact id: 'd7b7fd7d9cdc749634955c9471c8c774') in 0.018900 seconds 
========================================================================
Received Import Request.
  Time since last request: 0.000033 seconds.
  path: Assets/Behavior Designer/Behavior Designer Samples/CTF/Materials/Defense.mat
  artifactKey: Guid(398697d15a71f2c40a5d8ed522406306) Importer(815301076,1909f56bfc062723c751e8b465ee728b)
Start importing Assets/Behavior Designer/Behavior Designer Samples/CTF/Materials/Defense.mat using Guid(398697d15a71f2c40a5d8ed522406306) Importer(815301076,1909f56bfc062723c751e8b465ee728b)  -> (artifact id: 'a7633a9d521a128de7d32101e7992583') in 0.264243 seconds 
========================================================================
Received Import Request.
  Time since last request: 0.000048 seconds.
  path: Assets/Behavior Designer/Behavior Designer Movement/Materials/bot.mat
  artifactKey: Guid(fecc96c64c214ce40835ac4c3c3099e8) Importer(815301076,1909f56bfc062723c751e8b465ee728b)
Start importing Assets/Behavior Designer/Behavior Designer Movement/Materials/bot.mat using Guid(fecc96c64c214ce40835ac4c3c3099e8) Importer(815301076,1909f56bfc062723c751e8b465ee728b)  -> (artifact id: '6b467b5c91748296cc6de978c6829ae0') in 0.018760 seconds 
========================================================================
Received Import Request.
  Time since last request: 0.000051 seconds.
  path: Assets/Gfx/Detonator Explosion Framework/Sample Supporting Emitters/Materials/Chunk.mat
  artifactKey: Guid(a61236188df05eb448ffcbf93c55341a) Importer(815301076,1909f56bfc062723c751e8b465ee728b)
Start importing Assets/Gfx/Detonator Explosion Framework/Sample Supporting Emitters/Materials/Chunk.mat using Guid(a61236188df05eb448ffcbf93c55341a) Importer(815301076,1909f56bfc062723c751e8b465ee728b)  -> (artifact id: '471b38f76c46e01f690dacda0b8e4990') in 0.502706 seconds 
========================================================================
Received Import Request.
  Time since last request: 0.000038 seconds.
  path: Assets/Gfx/SciFi_Space_Drone/SpaceDrone_Resources/SpaceDrone_Meshes/SpaceDrone_Anims_Actions/SciFi_Space_Drone@Attack_Melee.FBX
  artifactKey: Guid(c888595b05a667f4e99bee0ecdc1a9d0) Importer(815301076,1909f56bfc062723c751e8b465ee728b)
Start importing Assets/Gfx/SciFi_Space_Drone/SpaceDrone_Resources/SpaceDrone_Meshes/SpaceDrone_Anims_Actions/SciFi_Space_Drone@Attack_Melee.FBX using Guid(c888595b05a667f4e99bee0ecdc1a9d0) Importer(815301076,1909f56bfc062723c751e8b465ee728b)  -> (artifact id: '9719bbef92a76e8477f896a173575d37') in 0.344248 seconds 
========================================================================
Received Import Request.
  Time since last request: 0.000051 seconds.
  path: Assets/Behavior Designer/Behavior Designer Samples/MiniGauntlet/Animations/JumpUpHigh.fbx
  artifactKey: Guid(4ad69484d4a4863449069ca37f3c57ad) Importer(815301076,1909f56bfc062723c751e8b465ee728b)
Start importing Assets/Behavior Designer/Behavior Designer Samples/MiniGauntlet/Animations/JumpUpHigh.fbx using Guid(4ad69484d4a4863449069ca37f3c57ad) Importer(815301076,1909f56bfc062723c751e8b465ee728b)  -> (artifact id: 'b7a5f0dc05d8b825001684aaa968d506') in 0.660789 seconds 
========================================================================
Received Import Request.
  Time since last request: 0.000042 seconds.
  path: Assets/Behavior Designer/Behavior Designer Samples/MiniGauntlet/Animations/Runs.fbx
  artifactKey: Guid(b35bea543177b624b8e504a16956614d) Importer(815301076,1909f56bfc062723c751e8b465ee728b)
Start importing Assets/Behavior Designer/Behavior Designer Samples/MiniGauntlet/Animations/Runs.fbx using Guid(b35bea543177b624b8e504a16956614d) Importer(815301076,1909f56bfc062723c751e8b465ee728b)  -> (artifact id: '58261ce4c56cdcf12e087a7c52ea9db3') in 0.497400 seconds 
========================================================================
Received Import Request.
  Time since last request: 0.000068 seconds.
  path: Assets/Gfx/Detonator Explosion Framework/TestScene/Cubewall10m.prefab
  artifactKey: Guid(6b19ffae570acfd41a615a3d676cde91) Importer(815301076,1909f56bfc062723c751e8b465ee728b)
Start importing Assets/Gfx/Detonator Explosion Framework/TestScene/Cubewall10m.prefab using Guid(6b19ffae570acfd41a615a3d676cde91) Importer(815301076,1909f56bfc062723c751e8b465ee728b)  -> (artifact id: 'b901eec234065d661e5549c9beb9bdd6') in 0.048518 seconds 
========================================================================
Received Import Request.
  Time since last request: 0.000038 seconds.
  path: Assets/Gfx/Detonator Explosion Framework/Prefab Examples/Detonator-MushroomCloud.prefab
  artifactKey: Guid(dc533b4ca16d3cd4d94b4d9e8b3376f0) Importer(815301076,1909f56bfc062723c751e8b465ee728b)
Start importing Assets/Gfx/Detonator Explosion Framework/Prefab Examples/Detonator-MushroomCloud.prefab using Guid(dc533b4ca16d3cd4d94b4d9e8b3376f0) Importer(815301076,1909f56bfc062723c751e8b465ee728b)  -> (artifact id: '7a7ef43dbe65851ae11b545588b537b7') in 0.018390 seconds 
========================================================================
Received Import Request.
  Time since last request: 0.000031 seconds.
  path: Assets/Gfx/Detonator Explosion Framework/Prefab Examples/Detonator-Insanity.prefab
  artifactKey: Guid(2a6951ec14b27ed4da27d13818dbebd2) Importer(815301076,1909f56bfc062723c751e8b465ee728b)
Start importing Assets/Gfx/Detonator Explosion Framework/Prefab Examples/Detonator-Insanity.prefab using Guid(2a6951ec14b27ed4da27d13818dbebd2) Importer(815301076,1909f56bfc062723c751e8b465ee728b)  -> (artifact id: 'b829c64b01201ab2495f7d894cd7331f') in 0.023663 seconds 
========================================================================
Received Import Request.
  Time since last request: 0.000031 seconds.
  path: Assets/Gfx/Detonator Explosion Framework/Prefab Examples/Detonator-Base.prefab
  artifactKey: Guid(8e02e06584f51ab42986fd44c73d976e) Importer(815301076,1909f56bfc062723c751e8b465ee728b)
Start importing Assets/Gfx/Detonator Explosion Framework/Prefab Examples/Detonator-Base.prefab using Guid(8e02e06584f51ab42986fd44c73d976e) Importer(815301076,1909f56bfc062723c751e8b465ee728b)  -> (artifact id: '3cdaaee435e358e6a2a41348ff9b1f50') in 0.012996 seconds 
========================================================================
Received Import Request.
  Time since last request: 0.000035 seconds.
  path: Assets/Gfx/Detonator Explosion Framework/Prefab Examples/Detonator-Chunks.prefab
  artifactKey: Guid(809320482fb694b6e8149a226202b86a) Importer(815301076,1909f56bfc062723c751e8b465ee728b)
Start importing Assets/Gfx/Detonator Explosion Framework/Prefab Examples/Detonator-Chunks.prefab using Guid(809320482fb694b6e8149a226202b86a) Importer(815301076,1909f56bfc062723c751e8b465ee728b)  -> (artifact id: 'b77bc6c9dfb99e762eafd293cbfa2555') in 0.013810 seconds 
========================================================================
Received Import Request.
  Time since last request: 0.000032 seconds.
  path: Assets/Gfx/Detonator Explosion Framework/Prefab Examples/Detonator-Ignitor.prefab
  artifactKey: Guid(5a5dc44bfe769d94ba1bcab91c5c3107) Importer(815301076,1909f56bfc062723c751e8b465ee728b)
Start importing Assets/Gfx/Detonator Explosion Framework/Prefab Examples/Detonator-Ignitor.prefab using Guid(5a5dc44bfe769d94ba1bcab91c5c3107) Importer(815301076,1909f56bfc062723c751e8b465ee728b)  -> (artifact id: 'd7b2cb44c0b9f61173a085ad5c3ea861') in 0.020000 seconds 
========================================================================
Received Import Request.
  Time since last request: 0.000030 seconds.
  path: Assets/Gfx/Detonator Explosion Framework/TestScene/Ruler.fbx
  artifactKey: Guid(a896a51f6cc93ee41b532ed055788fe0) Importer(815301076,1909f56bfc062723c751e8b465ee728b)
Start importing Assets/Gfx/Detonator Explosion Framework/TestScene/Ruler.fbx using Guid(a896a51f6cc93ee41b532ed055788fe0) Importer(815301076,1909f56bfc062723c751e8b465ee728b)  -> (artifact id: '88fbeeec58e609442479d59a7a922133') in 0.028493 seconds 
========================================================================
Received Import Request.
  Time since last request: 0.000036 seconds.
  path: Assets/Gfx/Detonator Explosion Framework/Sample Supporting Emitters/Chunk.prefab
  artifactKey: Guid(5cae1a02f5362443284e452c3020967f) Importer(815301076,1909f56bfc062723c751e8b465ee728b)
Start importing Assets/Gfx/Detonator Explosion Framework/Sample Supporting Emitters/Chunk.prefab using Guid(5cae1a02f5362443284e452c3020967f) Importer(815301076,1909f56bfc062723c751e8b465ee728b)  -> (artifact id: '3e4cf5ece3fe6db7b8d0294336baffec') in 0.069349 seconds 
========================================================================
Received Import Request.
  Time since last request: 0.000049 seconds.
  path: Assets/Gfx/Missile1/Models/Missile.fbx
  artifactKey: Guid(840c2c1001407e64492e685284dce8ed) Importer(815301076,1909f56bfc062723c751e8b465ee728b)
Start importing Assets/Gfx/Missile1/Models/Missile.fbx using Guid(840c2c1001407e64492e685284dce8ed) Importer(815301076,1909f56bfc062723c751e8b465ee728b)  -> (artifact id: '90416c4d694c2ca994aa488bf8f8b6a2') in 0.330897 seconds 
========================================================================
Received Import Request.
  Time since last request: 4.913479 seconds.
  path: Assets/Scenes/RedVersusGreenBattle.unity
  artifactKey: Guid(b29c8c403c86f6844a53b9b41fccff58) Importer(815301076,1909f56bfc062723c751e8b465ee728b)
Start importing Assets/Scenes/RedVersusGreenBattle.unity using Guid(b29c8c403c86f6844a53b9b41fccff58) Importer(815301076,1909f56bfc062723c751e8b465ee728b)  -> (artifact id: '61f5e480b466fc13ccc126e2b8db04e4') in 0.009502 seconds 
========================================================================
Received Import Request.
  Time since last request: 10.017140 seconds.
  path: Assets/Scenes/RedVersusGreenBattle
  artifactKey: Guid(fbde48fa3ed87d14b9ab6a9c4a3d4990) Importer(815301076,1909f56bfc062723c751e8b465ee728b)
Start importing Assets/Scenes/RedVersusGreenBattle using Guid(fbde48fa3ed87d14b9ab6a9c4a3d4990) Importer(815301076,1909f56bfc062723c751e8b465ee728b)  -> (artifact id: 'de6312f40a046a5a58be1642adc56d87') in 0.009256 seconds 
========================================================================
Received Prepare
Registering precompiled user dll's ...
Registered in 0.008482 seconds.
Begin MonoManager ReloadAssembly
Symbol file LoadedFromMemory doesn't match image D:\5A\Source\AI Base Project - RED versus GREEN\Library\PackageCache\com.unity.visualscripting@1.7.8\Editor\VisualScripting.Core\Dependencies\YamlDotNet\Unity.VisualScripting.YamlDotNet.dll
Symbol file LoadedFromMemory doesn't match image D:\5A\Source\AI Base Project - RED versus GREEN\Library\PackageCache\com.unity.visualscripting@1.7.8\Editor\VisualScripting.Core\Dependencies\DotNetZip\Unity.VisualScripting.IonicZip.dll
Native extension for WindowsStandalone target not found
Refreshing native plugins compatible for Editor in 1.72 ms, found 3 plugins.
Preloading 0 native plugins for Editor in 0.00 ms.
Mono: successfully reloaded assembly
- Completed reload, in  2.086 seconds
Domain Reload Profiling:
	ReloadAssembly (2087ms)
		BeginReloadAssembly (258ms)
			ExecutionOrderSort (0ms)
			DisableScriptedObjects (10ms)
			BackupInstance (0ms)
			ReleaseScriptingObjects (0ms)
			CreateAndSetChildDomain (62ms)
		EndReloadAssembly (1619ms)
			LoadAssemblies (176ms)
			RebuildTransferFunctionScriptingTraits (0ms)
			SetupTypeCache (510ms)
			ReleaseScriptCaches (3ms)
			RebuildScriptCaches (103ms)
			SetupLoadedEditorAssemblies (738ms)
				LogAssemblyErrors (0ms)
				InitializePlatformSupportModulesInManaged (31ms)
				SetLoadedEditorAssemblies (1ms)
				RefreshPlugins (2ms)
				BeforeProcessingInitializeOnLoad (140ms)
				ProcessInitializeOnLoadAttributes (489ms)
				ProcessInitializeOnLoadMethodAttributes (53ms)
				AfterProcessingInitializeOnLoad (21ms)
				EditorAssembliesLoaded (0ms)
			ExecutionOrderSort2 (0ms)
			AwakeInstancesAfterBackupRestoration (15ms)
Platform modules already initialized, skipping
Refreshing native plugins compatible for Editor in 3.06 ms, found 3 plugins.
Preloading 0 native plugins for Editor in 0.00 ms.
Unloading 3902 Unused Serialized files (Serialized files now loaded: 0)
Unloading 20 unused Assets / (26.4 KB). Loaded Objects now: 4464.
Memory consumption went from 150.2 MB to 150.2 MB.
Total: 7.210900 ms (FindLiveObjects: 0.489700 ms CreateObjectMapping: 0.411400 ms MarkObjects: 6.247400 ms  DeleteObjects: 0.060400 ms)

AssetImportParameters requested are different than current active one (requested -> active):
  custom:video-decoder-ogg-theora: a1e56fd34408186e4bbccfd4996cb3dc -> 
  custom:container-muxer-webm: aa71ff27fc2769a1b78a27578f13a17b -> 
  custom:container-demuxer-webm: 4f35f7cbe854078d1ac9338744f61a02 -> 
  custom:video-encoder-webm-vp8: eb34c28f22e8b96e1ab97ce403110664 -> 
  custom:video-codec-MediaFoundation-h265: 746d11721c4dcdbdad8f713fa42b33f4 -> 
  custom:audio-encoder-webm-vorbis: bf7c407c2cedff20999df2af8eb42d56 -> 
  custom:framework-win-MediaFoundation: 216162199b28c13a410421893ffa2e32 -> 
  custom:container-demuxer-ogg: 62fdf1f143b41e24485cea50d1cbac27 -> 
  custom:video-decoder-webm-vp8: 9c59270c3fd7afecdb556c50c9e8de78 -> 
  custom:audio-decoder-ogg-vorbis: bf7c407c2cedff20999df2af8eb42d56 -> 
========================================================================
Received Import Request.
  Time since last request: 629.931276 seconds.
  path: Assets/Behavior Designer/Behavior Designer Tutorials/BehaviorTree.unity
  artifactKey: Guid(dd592807d7bccd949ba31eec74c1181d) Importer(815301076,1909f56bfc062723c751e8b465ee728b)
Start importing Assets/Behavior Designer/Behavior Designer Tutorials/BehaviorTree.unity using Guid(dd592807d7bccd949ba31eec74c1181d) Importer(815301076,1909f56bfc062723c751e8b465ee728b)  -> (artifact id: '2f740d69e30afb2ff073449c225bbd62') in 0.026958 seconds 
========================================================================
Received Import Request.
  Time since last request: 32.719263 seconds.
  path: Assets/Behavior Designer/Behavior Designer Tutorials/Textures
  artifactKey: Guid(532e17bb5661a2845bbf97a864eaeb2b) Importer(815301076,1909f56bfc062723c751e8b465ee728b)
Start importing Assets/Behavior Designer/Behavior Designer Tutorials/Textures using Guid(532e17bb5661a2845bbf97a864eaeb2b) Importer(815301076,1909f56bfc062723c751e8b465ee728b)  -> (artifact id: '98df0d49f62eac8e80e67ea40ad5d741') in 0.009617 seconds 
========================================================================
Received Import Request.
  Time since last request: 493.754601 seconds.
  path: Assets/Behavior Designer/Behavior Designer/Documentation.pdf
  artifactKey: Guid(4646946da2762db46a08e76a6c42f832) Importer(815301076,1909f56bfc062723c751e8b465ee728b)
Start importing Assets/Behavior Designer/Behavior Designer/Documentation.pdf using Guid(4646946da2762db46a08e76a6c42f832) Importer(815301076,1909f56bfc062723c751e8b465ee728b)  -> (artifact id: '8d41ab4948616e260b6d1bf10b10acab') in 0.039887 seconds 
========================================================================
Received Import Request.
  Time since last request: 45.711913 seconds.
  path: Assets/Behavior Designer/Behavior Designer Tutorials/Parallel.unity
  artifactKey: Guid(e08a4a340eaa4854faa6df906cc40539) Importer(815301076,1909f56bfc062723c751e8b465ee728b)
Start importing Assets/Behavior Designer/Behavior Designer Tutorials/Parallel.unity using Guid(e08a4a340eaa4854faa6df906cc40539) Importer(815301076,1909f56bfc062723c751e8b465ee728b)  -> (artifact id: 'bf9b95c2442417be283b26d65470d912') in 0.009421 seconds 
========================================================================
Received Import Request.
  Time since last request: 0.987365 seconds.
  path: Assets/Behavior Designer/Behavior Designer Tutorials/Repeater.unity
  artifactKey: Guid(045bef0ca6d255947b7ac8f6fe6a1f16) Importer(815301076,1909f56bfc062723c751e8b465ee728b)
Start importing Assets/Behavior Designer/Behavior Designer Tutorials/Repeater.unity using Guid(045bef0ca6d255947b7ac8f6fe6a1f16) Importer(815301076,1909f56bfc062723c751e8b465ee728b)  -> (artifact id: '9adbf907b4c5fd5cb45cd07e257d4a0b') in 0.009054 seconds 
========================================================================
Received Import Request.
  Time since last request: 1.137674 seconds.
  path: Assets/Behavior Designer/Behavior Designer Tutorials/Selector.unity
  artifactKey: Guid(0a3137ee685c1664aa8b3451ee11e84a) Importer(815301076,1909f56bfc062723c751e8b465ee728b)
Start importing Assets/Behavior Designer/Behavior Designer Tutorials/Selector.unity using Guid(0a3137ee685c1664aa8b3451ee11e84a) Importer(815301076,1909f56bfc062723c751e8b465ee728b)  -> (artifact id: '7e07dd982ebebc5b3c1971f1b63faaec') in 0.011440 seconds 
========================================================================
Received Import Request.
  Time since last request: 0.725660 seconds.
  path: Assets/Behavior Designer/Behavior Designer Tutorials/Sequence.unity
  artifactKey: Guid(6eda7abfe5a1f70408b2c25afe869d28) Importer(815301076,1909f56bfc062723c751e8b465ee728b)
Start importing Assets/Behavior Designer/Behavior Designer Tutorials/Sequence.unity using Guid(6eda7abfe5a1f70408b2c25afe869d28) Importer(815301076,1909f56bfc062723c751e8b465ee728b)  -> (artifact id: '5a056f75c6541a5ea6db4a828ff958be') in 0.009971 seconds 
========================================================================
Received Import Request.
  Time since last request: 18.284988 seconds.
  path: Assets/Scripts/Army
  artifactKey: Guid(22a794fe80c6bae46a676d12d25d371b) Importer(815301076,1909f56bfc062723c751e8b465ee728b)
Start importing Assets/Scripts/Army using Guid(22a794fe80c6bae46a676d12d25d371b) Importer(815301076,1909f56bfc062723c751e8b465ee728b)  -> (artifact id: '278a89fc6e3f2c7befb7240a9d98af94') in 0.008880 seconds 
========================================================================
Received Import Request.
  Time since last request: 0.378204 seconds.
  path: Assets/Scripts/MyBehaviorTrees
  artifactKey: Guid(a355c92c01dc0a4429f6088173353eaf) Importer(815301076,1909f56bfc062723c751e8b465ee728b)
Start importing Assets/Scripts/MyBehaviorTrees using Guid(a355c92c01dc0a4429f6088173353eaf) Importer(815301076,1909f56bfc062723c751e8b465ee728b)  -> (artifact id: '2a23ef5886a7642f5646213d19db20a7') in 0.009780 seconds 
========================================================================
Received Import Request.
  Time since last request: 6.927554 seconds.
  path: Assets/Scripts/MyBehaviorTrees/DroneShoot.cs
  artifactKey: Guid(0a442f6a8a2626e4796d798677a22fbb) Importer(815301076,1909f56bfc062723c751e8b465ee728b)
Start importing Assets/Scripts/MyBehaviorTrees/DroneShoot.cs using Guid(0a442f6a8a2626e4796d798677a22fbb) Importer(815301076,1909f56bfc062723c751e8b465ee728b)  -> (artifact id: '17b8bdb00305c2af8334ed65f3a0e616') in 0.014845 seconds 
========================================================================
Received Import Request.
  Time since last request: 1.211453 seconds.
  path: Assets/Scripts/MyBehaviorTrees/MySeek.cs
  artifactKey: Guid(287b28ff009731f45bc5f97c9520e045) Importer(815301076,1909f56bfc062723c751e8b465ee728b)
Start importing Assets/Scripts/MyBehaviorTrees/MySeek.cs using Guid(287b28ff009731f45bc5f97c9520e045) Importer(815301076,1909f56bfc062723c751e8b465ee728b)  -> (artifact id: 'acd0b41ae5bd8cd2c14158c7fcbf6c23') in 0.009901 seconds 
========================================================================
Received Import Request.
  Time since last request: 3.747221 seconds.
  path: Assets/Scripts/MyBehaviorTrees/MySlerpRotateAroundY.cs
  artifactKey: Guid(c74a9ca329b1f474f9f0d21d99de6e37) Importer(815301076,1909f56bfc062723c751e8b465ee728b)
Start importing Assets/Scripts/MyBehaviorTrees/MySlerpRotateAroundY.cs using Guid(c74a9ca329b1f474f9f0d21d99de6e37) Importer(815301076,1909f56bfc062723c751e8b465ee728b)  -> (artifact id: 'f2360380e2a3af2099cca4f9aeca29ab') in 0.009857 seconds 
========================================================================
Received Import Request.
  Time since last request: 0.875308 seconds.
  path: Assets/Scripts/MyBehaviorTrees/SelectEnemyDrone.cs
  artifactKey: Guid(6d9c903f56813064fb425c34914460e1) Importer(815301076,1909f56bfc062723c751e8b465ee728b)
Start importing Assets/Scripts/MyBehaviorTrees/SelectEnemyDrone.cs using Guid(6d9c903f56813064fb425c34914460e1) Importer(815301076,1909f56bfc062723c751e8b465ee728b)  -> (artifact id: '83f37cd0645d6de5b01bfb43aba61438') in 0.011567 seconds 
========================================================================
Received Import Request.
  Time since last request: 1.796768 seconds.
  path: Assets/Scripts/MyBehaviorTrees/TurretRedBehavior.asset
  artifactKey: Guid(1b4a13ffb1a4e2941baf8c9b2cf3b661) Importer(815301076,1909f56bfc062723c751e8b465ee728b)
Start importing Assets/Scripts/MyBehaviorTrees/TurretRedBehavior.asset using Guid(1b4a13ffb1a4e2941baf8c9b2cf3b661) Importer(815301076,1909f56bfc062723c751e8b465ee728b)  -> (artifact id: '334ffe1653f12a36d37e48c6790bd139') in 0.020317 seconds 
========================================================================
Received Import Request.
  Time since last request: 15.985979 seconds.
  path: Assets/Scripts/MyBehaviorTrees/TurretSeekTarget.cs
  artifactKey: Guid(8eedc7225ca235641a040e3831264d7f) Importer(815301076,1909f56bfc062723c751e8b465ee728b)
Start importing Assets/Scripts/MyBehaviorTrees/TurretSeekTarget.cs using Guid(8eedc7225ca235641a040e3831264d7f) Importer(815301076,1909f56bfc062723c751e8b465ee728b)  -> (artifact id: '722ec705087b587fc6213700a048add3') in 0.010632 seconds 
========================================================================
Received Import Request.
  Time since last request: 7.550291 seconds.
  path: Assets/Scripts/MyBehaviorTrees/TurretShoot.cs
  artifactKey: Guid(8514af756ffa8a746b7f766590724cb9) Importer(815301076,1909f56bfc062723c751e8b465ee728b)
Start importing Assets/Scripts/MyBehaviorTrees/TurretShoot.cs using Guid(8514af756ffa8a746b7f766590724cb9) Importer(815301076,1909f56bfc062723c751e8b465ee728b)  -> (artifact id: '2337c25b03ef25c774e214ad255cd899') in 0.010558 seconds 
========================================================================
Received Import Request.
  Time since last request: 45.297079 seconds.
  path: Assets/Scripts/Army/ArmyManagerRed.cs
  artifactKey: Guid(cc45baa02b4c91c4a91151d70e099f5e) Importer(815301076,1909f56bfc062723c751e8b465ee728b)
Start importing Assets/Scripts/Army/ArmyManagerRed.cs using Guid(cc45baa02b4c91c4a91151d70e099f5e) Importer(815301076,1909f56bfc062723c751e8b465ee728b)  -> (artifact id: 'a94a95ef965eccc3bbc4c3caa61372f3') in 0.010397 seconds 
========================================================================
Received Import Request.
  Time since last request: 1965.958273 seconds.
  path: Assets/Scripts/Army/IArmyElement.cs
  artifactKey: Guid(83e8581a659e2e04eb75ddfd199b9389) Importer(815301076,1909f56bfc062723c751e8b465ee728b)
Start importing Assets/Scripts/Army/IArmyElement.cs using Guid(83e8581a659e2e04eb75ddfd199b9389) Importer(815301076,1909f56bfc062723c751e8b465ee728b)  -> (artifact id: '8c77da0f23cecb2dbaea9ae11e7b5e6c') in 0.006251 seconds 
========================================================================
Received Import Request.
  Time since last request: 470.949304 seconds.
  path: Assets/Behavior Designer/Behavior Designer Formations/Documentation.pdf
  artifactKey: Guid(0e92acfc57294ce42961ca0f49f0b67a) Importer(815301076,1909f56bfc062723c751e8b465ee728b)
Start importing Assets/Behavior Designer/Behavior Designer Formations/Documentation.pdf using Guid(0e92acfc57294ce42961ca0f49f0b67a) Importer(815301076,1909f56bfc062723c751e8b465ee728b)  -> (artifact id: '24cb7dcecddfde5ae5480b121f4a30a8') in 0.007808 seconds 
========================================================================
Received Import Request.
  Time since last request: 146.389368 seconds.
  path: Assets/Scripts/Timer.cs
  artifactKey: Guid(ded1082a21cb4c348a2ead8500f427c6) Importer(815301076,1909f56bfc062723c751e8b465ee728b)
Start importing Assets/Scripts/Timer.cs using Guid(ded1082a21cb4c348a2ead8500f427c6) Importer(815301076,1909f56bfc062723c751e8b465ee728b)  -> (artifact id: '42d9ca52ddf15ad0a230b42578b33d4d') in 0.006037 seconds 
========================================================================
Received Import Request.
  Time since last request: 1040.494828 seconds.
  path: Assets/Scripts/MyBehaviorTrees/TurretGreenBehavior.asset
  artifactKey: Guid(649831163a9a3d64e9710ab7c8e3f88b) Importer(815301076,1909f56bfc062723c751e8b465ee728b)
Start importing Assets/Scripts/MyBehaviorTrees/TurretGreenBehavior.asset using Guid(649831163a9a3d64e9710ab7c8e3f88b) Importer(815301076,1909f56bfc062723c751e8b465ee728b)  -> (artifact id: '0082b48514c17b5dca9df2d5d4f69a3f') in 0.008388 seconds 
