Using pre-set license
Built from '2021.3/staging' branch; Version is '2021.3.15f1 (e8e88683f834) revision 15263878'; Using compiler version '192829333'; Build Type 'Release'
OS: 'Windows 11  (10.0.22621) 64bit Professional' Language: 'fr' Physical Memory: 16251 MB
BatchMode: 1, IsHumanControllingUs: 0, StartBugReporterOnCrash: 0, Is64bit: 1, IsPro: 1

COMMAND LINE ARGUMENTS:
C:\Program Files\Unity\Hub\Editor\2021.3.15f1\Editor\Unity.exe
-adb2
-batchMode
-noUpm
-name
AssetImportWorker1
-projectPath
D:/5A/Source/AI Base Project - RED versus GREEN
-logFile
Logs/AssetImportWorker1.log
-srvPort
58018
Successfully changed project path to: D:/5A/Source/AI Base Project - RED versus GREEN
D:/5A/Source/AI Base Project - RED versus GREEN
[UnityMemory] Configuration Parameters - Can be set up in boot.config
    "memorysetup-bucket-allocator-granularity=16"
    "memorysetup-bucket-allocator-bucket-count=8"
    "memorysetup-bucket-allocator-block-size=33554432"
    "memorysetup-bucket-allocator-block-count=8"
    "memorysetup-main-allocator-block-size=16777216"
    "memorysetup-thread-allocator-block-size=16777216"
    "memorysetup-gfx-main-allocator-block-size=16777216"
    "memorysetup-gfx-thread-allocator-block-size=16777216"
    "memorysetup-cache-allocator-block-size=4194304"
    "memorysetup-typetree-allocator-block-size=2097152"
    "memorysetup-profiler-bucket-allocator-granularity=16"
    "memorysetup-profiler-bucket-allocator-bucket-count=8"
    "memorysetup-profiler-bucket-allocator-block-size=33554432"
    "memorysetup-profiler-bucket-allocator-block-count=8"
    "memorysetup-profiler-allocator-block-size=16777216"
    "memorysetup-profiler-editor-allocator-block-size=1048576"
    "memorysetup-temp-allocator-size-main=16777216"
    "memorysetup-job-temp-allocator-block-size=2097152"
    "memorysetup-job-temp-allocator-block-size-background=1048576"
    "memorysetup-job-temp-allocator-reduction-small-platforms=262144"
    "memorysetup-temp-allocator-size-background-worker=32768"
    "memorysetup-temp-allocator-size-job-worker=262144"
    "memorysetup-temp-allocator-size-preload-manager=33554432"
    "memorysetup-temp-allocator-size-nav-mesh-worker=65536"
    "memorysetup-temp-allocator-size-audio-worker=65536"
    "memorysetup-temp-allocator-size-cloud-worker=32768"
    "memorysetup-temp-allocator-size-gi-baking-worker=262144"
    "memorysetup-temp-allocator-size-gfx=262144"
Player connection [17500] Host "[IP] 192.168.115.1 [Port] 0 [Flags] 2 [Guid] 2507011103 [EditorId] 2507011103 [Version] 1048832 [Id] WindowsEditor(7,daffy) [Debug] 1 [PackageName] WindowsEditor [ProjectName] Editor" joined multi-casting on [225.0.0.222:54997]...

Player connection [17500] Host "[IP] 192.168.115.1 [Port] 0 [Flags] 2 [Guid] 2507011103 [EditorId] 2507011103 [Version] 1048832 [Id] WindowsEditor(7,daffy) [Debug] 1 [PackageName] WindowsEditor [ProjectName] Editor" joined alternative multi-casting on [225.0.0.222:34997]...

Refreshing native plugins compatible for Editor in 177.94 ms, found 3 plugins.
Preloading 0 native plugins for Editor in 0.00 ms.
Initialize engine version: 2021.3.15f1 (e8e88683f834)
[Subsystems] Discovering subsystems at path C:/Program Files/Unity/Hub/Editor/2021.3.15f1/Editor/Data/Resources/UnitySubsystems
[Subsystems] Discovering subsystems at path D:/5A/Source/AI Base Project - RED versus GREEN/Assets
GfxDevice: creating device client; threaded=0; jobified=0
Direct3D:
    Version:  Direct3D 11.0 [level 11.1]
    Renderer: NVIDIA GeForce RTX 2070 Super with Max-Q Design (ID=0x1e91)
    Vendor:   NVIDIA
    VRAM:     8003 MB
    Driver:   31.0.15.2756
Initialize mono
Mono path[0] = 'C:/Program Files/Unity/Hub/Editor/2021.3.15f1/Editor/Data/Managed'
Mono path[1] = 'C:/Program Files/Unity/Hub/Editor/2021.3.15f1/Editor/Data/MonoBleedingEdge/lib/mono/unityjit-win32'
Mono config path = 'C:/Program Files/Unity/Hub/Editor/2021.3.15f1/Editor/Data/MonoBleedingEdge/etc'
Using monoOptions --debugger-agent=transport=dt_socket,embedding=1,server=y,suspend=n,address=127.0.0.1:56184
Begin MonoManager ReloadAssembly
Registering precompiled unity dll's ...
Register platform support module: C:/Program Files/Unity/Hub/Editor/2021.3.15f1/Editor/Data/PlaybackEngines/WindowsStandaloneSupport/UnityEditor.WindowsStandalone.Extensions.dll
Registered in 0.011455 seconds.
Native extension for WindowsStandalone target not found
Refreshing native plugins compatible for Editor in 176.32 ms, found 3 plugins.
Preloading 0 native plugins for Editor in 0.00 ms.
Mono: successfully reloaded assembly
- Completed reload, in  1.461 seconds
Domain Reload Profiling:
	ReloadAssembly (1462ms)
		BeginReloadAssembly (162ms)
			ExecutionOrderSort (0ms)
			DisableScriptedObjects (0ms)
			BackupInstance (0ms)
			ReleaseScriptingObjects (0ms)
			CreateAndSetChildDomain (3ms)
		EndReloadAssembly (1051ms)
			LoadAssemblies (154ms)
			RebuildTransferFunctionScriptingTraits (0ms)
			SetupTypeCache (238ms)
			ReleaseScriptCaches (0ms)
			RebuildScriptCaches (66ms)
			SetupLoadedEditorAssemblies (633ms)
				LogAssemblyErrors (0ms)
				InitializePlatformSupportModulesInManaged (17ms)
				SetLoadedEditorAssemblies (0ms)
				RefreshPlugins (176ms)
				BeforeProcessingInitializeOnLoad (3ms)
				ProcessInitializeOnLoadAttributes (330ms)
				ProcessInitializeOnLoadMethodAttributes (106ms)
				AfterProcessingInitializeOnLoad (0ms)
				EditorAssembliesLoaded (0ms)
			ExecutionOrderSort2 (0ms)
			AwakeInstancesAfterBackupRestoration (0ms)
Platform modules already initialized, skipping
Registering precompiled user dll's ...
Registered in 0.008778 seconds.
Begin MonoManager ReloadAssembly
Symbol file LoadedFromMemory doesn't match image D:\5A\Source\AI Base Project - RED versus GREEN\Library\PackageCache\com.unity.visualscripting@1.7.8\Editor\VisualScripting.Core\Dependencies\YamlDotNet\Unity.VisualScripting.YamlDotNet.dll
Symbol file LoadedFromMemory doesn't match image D:\5A\Source\AI Base Project - RED versus GREEN\Library\PackageCache\com.unity.visualscripting@1.7.8\Editor\VisualScripting.Core\Dependencies\DotNetZip\Unity.VisualScripting.IonicZip.dll
Native extension for WindowsStandalone target not found
Refreshing native plugins compatible for Editor in 1.09 ms, found 3 plugins.
Preloading 0 native plugins for Editor in 0.00 ms.
Mono: successfully reloaded assembly
- Completed reload, in  2.171 seconds
Domain Reload Profiling:
	ReloadAssembly (2173ms)
		BeginReloadAssembly (243ms)
			ExecutionOrderSort (0ms)
			DisableScriptedObjects (13ms)
			BackupInstance (0ms)
			ReleaseScriptingObjects (0ms)
			CreateAndSetChildDomain (35ms)
		EndReloadAssembly (1677ms)
			LoadAssemblies (169ms)
			RebuildTransferFunctionScriptingTraits (0ms)
			SetupTypeCache (504ms)
			ReleaseScriptCaches (1ms)
			RebuildScriptCaches (130ms)
			SetupLoadedEditorAssemblies (793ms)
				LogAssemblyErrors (0ms)
				InitializePlatformSupportModulesInManaged (12ms)
				SetLoadedEditorAssemblies (1ms)
				RefreshPlugins (1ms)
				BeforeProcessingInitializeOnLoad (170ms)
				ProcessInitializeOnLoadAttributes (536ms)
				ProcessInitializeOnLoadMethodAttributes (56ms)
				AfterProcessingInitializeOnLoad (17ms)
				EditorAssembliesLoaded (0ms)
			ExecutionOrderSort2 (0ms)
			AwakeInstancesAfterBackupRestoration (13ms)
Platform modules already initialized, skipping
========================================================================
Worker process is ready to serve import requests
Launched and connected shader compiler UnityShaderCompiler.exe after 0.10 seconds
Refreshing native plugins compatible for Editor in 1.89 ms, found 3 plugins.
Preloading 0 native plugins for Editor in 0.00 ms.
Unloading 3925 Unused Serialized files (Serialized files now loaded: 0)
Unloading 26 unused Assets / (58.5 KB). Loaded Objects now: 4412.
Memory consumption went from 133.5 MB to 133.5 MB.
Total: 9.271500 ms (FindLiveObjects: 0.849800 ms CreateObjectMapping: 0.814800 ms MarkObjects: 7.376200 ms  DeleteObjects: 0.227900 ms)

AssetImportParameters requested are different than current active one (requested -> active):
  custom:video-decoder-ogg-theora: a1e56fd34408186e4bbccfd4996cb3dc -> 
  custom:container-muxer-webm: aa71ff27fc2769a1b78a27578f13a17b -> 
  custom:container-demuxer-webm: 4f35f7cbe854078d1ac9338744f61a02 -> 
  custom:video-encoder-webm-vp8: eb34c28f22e8b96e1ab97ce403110664 -> 
  custom:video-codec-MediaFoundation-h265: 746d11721c4dcdbdad8f713fa42b33f4 -> 
  custom:audio-encoder-webm-vorbis: bf7c407c2cedff20999df2af8eb42d56 -> 
  custom:framework-win-MediaFoundation: 216162199b28c13a410421893ffa2e32 -> 
  custom:container-demuxer-ogg: 62fdf1f143b41e24485cea50d1cbac27 -> 
  custom:video-decoder-webm-vp8: 9c59270c3fd7afecdb556c50c9e8de78 -> 
  custom:audio-decoder-ogg-vorbis: bf7c407c2cedff20999df2af8eb42d56 -> 
========================================================================
Received Import Request.
  Time since last request: 10239.831429 seconds.
  path: Assets/Behavior Designer/Behavior Designer Samples/MiniGauntlet/Animations/Materials/body_color_map.mat
  artifactKey: Guid(7b94cba41a7b95e40bb7e50d925194dc) Importer(815301076,1909f56bfc062723c751e8b465ee728b)
Start importing Assets/Behavior Designer/Behavior Designer Samples/MiniGauntlet/Animations/Materials/body_color_map.mat using Guid(7b94cba41a7b95e40bb7e50d925194dc) Importer(815301076,1909f56bfc062723c751e8b465ee728b)  -> (artifact id: 'ba543bf3030ea7fc727d69bff73c22dc') in 0.514308 seconds 
========================================================================
Received Import Request.
  Time since last request: 0.000050 seconds.
  path: Assets/Behavior Designer/Behavior Designer Samples/MiniGauntlet/Animations/Materials/eyes_color_map.mat
  artifactKey: Guid(e54f28d33c75a3347bbcecbe9ba344ce) Importer(815301076,1909f56bfc062723c751e8b465ee728b)
Start importing Assets/Behavior Designer/Behavior Designer Samples/MiniGauntlet/Animations/Materials/eyes_color_map.mat using Guid(e54f28d33c75a3347bbcecbe9ba344ce) Importer(815301076,1909f56bfc062723c751e8b465ee728b)  -> (artifact id: 'a721fa50859614826068ee255cc657c8') in 0.022908 seconds 
========================================================================
Received Import Request.
  Time since last request: 0.000050 seconds.
  path: Assets/Gfx/Detonator Explosion Framework/TestScene/Cube.mat
  artifactKey: Guid(74e8ebeb8fe23ce4f9552bb0404e8a3a) Importer(815301076,1909f56bfc062723c751e8b465ee728b)
Start importing Assets/Gfx/Detonator Explosion Framework/TestScene/Cube.mat using Guid(74e8ebeb8fe23ce4f9552bb0404e8a3a) Importer(815301076,1909f56bfc062723c751e8b465ee728b)  -> (artifact id: 'f4054cb2ac99f61ebfc4d34402db8277') in 0.019963 seconds 
========================================================================
Received Import Request.
  Time since last request: 0.000032 seconds.
  path: Assets/Behavior Designer/Behavior Designer Samples/RTS/Materials/Building.mat
  artifactKey: Guid(3032acc49a3ee374dbd53e70e40997d5) Importer(815301076,1909f56bfc062723c751e8b465ee728b)
Start importing Assets/Behavior Designer/Behavior Designer Samples/RTS/Materials/Building.mat using Guid(3032acc49a3ee374dbd53e70e40997d5) Importer(815301076,1909f56bfc062723c751e8b465ee728b)  -> (artifact id: '457f4a7c1c7d214a4d6d399e806285f2') in 0.027723 seconds 
========================================================================
Received Import Request.
  Time since last request: 0.000035 seconds.
  path: Assets/Behavior Designer/Behavior Designer Formations/Materials/Bot.mat
  artifactKey: Guid(d9a66e07befebab458ac293b608d0cce) Importer(815301076,1909f56bfc062723c751e8b465ee728b)
Start importing Assets/Behavior Designer/Behavior Designer Formations/Materials/Bot.mat using Guid(d9a66e07befebab458ac293b608d0cce) Importer(815301076,1909f56bfc062723c751e8b465ee728b)  -> (artifact id: 'a65762b4a2c5ea8e0328e10611b33297') in 0.020008 seconds 
========================================================================
Received Import Request.
  Time since last request: 0.000033 seconds.
  path: Assets/Gfx/Detonator Explosion Framework/TestScene/Eerie Skybox.mat
  artifactKey: Guid(16522f49031ff414abdf1f83f1b6a36c) Importer(815301076,1909f56bfc062723c751e8b465ee728b)
Start importing Assets/Gfx/Detonator Explosion Framework/TestScene/Eerie Skybox.mat using Guid(16522f49031ff414abdf1f83f1b6a36c) Importer(815301076,1909f56bfc062723c751e8b465ee728b)  -> (artifact id: '244f1724a8e31723075530ea49d3d521') in 0.335686 seconds 
========================================================================
Received Import Request.
  Time since last request: 0.301310 seconds.
  path: Assets/Behavior Designer/Behavior Designer Samples/MiniGauntlet/Animations/Jump.fbx
  artifactKey: Guid(cbb67ab5509bfe24dba7db2d65a9632f) Importer(815301076,1909f56bfc062723c751e8b465ee728b)
Start importing Assets/Behavior Designer/Behavior Designer Samples/MiniGauntlet/Animations/Jump.fbx using Guid(cbb67ab5509bfe24dba7db2d65a9632f) Importer(815301076,1909f56bfc062723c751e8b465ee728b)  -> (artifact id: '1b7410c7e5d4a202bd267beceb509303') in 1.045035 seconds 
========================================================================
Received Import Request.
  Time since last request: 0.000047 seconds.
  path: Assets/Behavior Designer/Behavior Designer Samples/MiniGauntlet/Models/propCrate.fbx
  artifactKey: Guid(3c44022133a180f4ca6c2e081b2db3f8) Importer(815301076,1909f56bfc062723c751e8b465ee728b)
Start importing Assets/Behavior Designer/Behavior Designer Samples/MiniGauntlet/Models/propCrate.fbx using Guid(3c44022133a180f4ca6c2e081b2db3f8) Importer(815301076,1909f56bfc062723c751e8b465ee728b)  -> (artifact id: '036f11e76575161627b48f4652dfbd8c') in 0.284887 seconds 
========================================================================
Received Import Request.
  Time since last request: 0.000048 seconds.
  path: Assets/Gfx/Detonator Explosion Framework/Prefab Examples/Detonator-Heatwave.prefab
  artifactKey: Guid(a5986c220614bc143866ceb522e86b82) Importer(815301076,1909f56bfc062723c751e8b465ee728b)
Start importing Assets/Gfx/Detonator Explosion Framework/Prefab Examples/Detonator-Heatwave.prefab using Guid(a5986c220614bc143866ceb522e86b82) Importer(815301076,1909f56bfc062723c751e8b465ee728b)  -> (artifact id: 'd51efb9951259dc7b6eb5fe8bd3bd1b6') in 0.026647 seconds 
========================================================================
Received Import Request.
  Time since last request: 0.000035 seconds.
  path: Assets/Gfx/Detonator Explosion Framework/Prefab Examples/Detonator-Crazysparks.prefab
  artifactKey: Guid(c8fd86fe5050dc04bb501b291c30f591) Importer(815301076,1909f56bfc062723c751e8b465ee728b)
Start importing Assets/Gfx/Detonator Explosion Framework/Prefab Examples/Detonator-Crazysparks.prefab using Guid(c8fd86fe5050dc04bb501b291c30f591) Importer(815301076,1909f56bfc062723c751e8b465ee728b)  -> (artifact id: '680f99899d5566e1c7464ac2e125f999') in 0.013860 seconds 
========================================================================
Received Import Request.
  Time since last request: 0.000031 seconds.
  path: Assets/Gfx/Detonator Explosion Framework/Prefab Examples/Detonator-MultiExample.prefab
  artifactKey: Guid(49ee383306650b645b8a12b582a38b10) Importer(815301076,1909f56bfc062723c751e8b465ee728b)
Start importing Assets/Gfx/Detonator Explosion Framework/Prefab Examples/Detonator-MultiExample.prefab using Guid(49ee383306650b645b8a12b582a38b10) Importer(815301076,1909f56bfc062723c751e8b465ee728b)  -> (artifact id: 'b63c96a9426a24cb0498d90d792360c6') in 0.015376 seconds 
========================================================================
Received Import Request.
  Time since last request: 0.000036 seconds.
  path: Assets/Gfx/Detonator Explosion Framework/Sample Supporting Emitters/Burninating.prefab
  artifactKey: Guid(49d7999f9fb85954c9541f9a0b0486c3) Importer(815301076,1909f56bfc062723c751e8b465ee728b)
Start importing Assets/Gfx/Detonator Explosion Framework/Sample Supporting Emitters/Burninating.prefab using Guid(49d7999f9fb85954c9541f9a0b0486c3) Importer(815301076,1909f56bfc062723c751e8b465ee728b)  -> (artifact id: '3126d83e183be94161b1bb86ba8530b4') in 0.132387 seconds 
========================================================================
Received Import Request.
  Time since last request: 0.000038 seconds.
  path: Assets/xTests/Agent.prefab
  artifactKey: Guid(3bc1d2ea02280e04c8d4ecdad8ec09c2) Importer(815301076,1909f56bfc062723c751e8b465ee728b)
Start importing Assets/xTests/Agent.prefab using Guid(3bc1d2ea02280e04c8d4ecdad8ec09c2) Importer(815301076,1909f56bfc062723c751e8b465ee728b)  -> (artifact id: '1d983df3a781cb3ca460a6495d010573') in 0.257002 seconds 
========================================================================
Received Import Request.
  Time since last request: 0.000042 seconds.
  path: Assets/Gfx/Missile2/missile.fbx
  artifactKey: Guid(982941a6b773f744697f9658d15a8ee7) Importer(815301076,1909f56bfc062723c751e8b465ee728b)
Start importing Assets/Gfx/Missile2/missile.fbx using Guid(982941a6b773f744697f9658d15a8ee7) Importer(815301076,1909f56bfc062723c751e8b465ee728b)  -> (artifact id: '7a83e84fc382a40b677926c726365c14') in 0.108220 seconds 
========================================================================
Received Import Request.
  Time since last request: 0.000030 seconds.
  path: Assets/Behavior Designer/Behavior Designer Samples/RTS/Models/Player.FBX
  artifactKey: Guid(a6ec8626fabc4de4fb8d553e21d06986) Importer(815301076,1909f56bfc062723c751e8b465ee728b)
Start importing Assets/Behavior Designer/Behavior Designer Samples/RTS/Models/Player.FBX using Guid(a6ec8626fabc4de4fb8d553e21d06986) Importer(815301076,1909f56bfc062723c751e8b465ee728b)  -> (artifact id: '6a321ffe7d722b59921759dd9f77802f') in 0.123440 seconds 
========================================================================
Received Import Request.
  Time since last request: 0.000040 seconds.
  path: Assets/Behavior Designer/Behavior Designer Samples/CTF/Models/prop_floorBot_male.fbx
  artifactKey: Guid(192cf0f9d8bc0c24097af14438cba8b3) Importer(815301076,1909f56bfc062723c751e8b465ee728b)
Start importing Assets/Behavior Designer/Behavior Designer Samples/CTF/Models/prop_floorBot_male.fbx using Guid(192cf0f9d8bc0c24097af14438cba8b3) Importer(815301076,1909f56bfc062723c751e8b465ee728b)  -> (artifact id: 'b99d5ceb731f42816ddd67b126d47bd1') in 0.029844 seconds 
========================================================================
Received Import Request.
  Time since last request: 0.000055 seconds.
  path: Assets/Gfx/SciFi_Space_Drone/SpaceDrone_Resources/SpaceDrone_Meshes/SciFi_Space_Drone.FBX
  artifactKey: Guid(3bf4999c20d55684c84ebd5202c18d50) Importer(815301076,1909f56bfc062723c751e8b465ee728b)
Start importing Assets/Gfx/SciFi_Space_Drone/SpaceDrone_Resources/SpaceDrone_Meshes/SciFi_Space_Drone.FBX using Guid(3bf4999c20d55684c84ebd5202c18d50) Importer(815301076,1909f56bfc062723c751e8b465ee728b)  -> (artifact id: '78cc1b96bed38d5fd9f7182a6e23fe6d') in 0.062806 seconds 
========================================================================
Received Import Request.
  Time since last request: 0.000034 seconds.
  path: Assets/Behavior Designer/Behavior Designer Samples/CTF/Models/prop_floorBot_female.fbx
  artifactKey: Guid(885d56c09d2eb8047921525d03066a55) Importer(815301076,1909f56bfc062723c751e8b465ee728b)
Start importing Assets/Behavior Designer/Behavior Designer Samples/CTF/Models/prop_floorBot_female.fbx using Guid(885d56c09d2eb8047921525d03066a55) Importer(815301076,1909f56bfc062723c751e8b465ee728b)  -> (artifact id: '5b614364fc11ed680e30a6e489826c0d') in 0.027503 seconds 
========================================================================
Received Prepare
Registering precompiled user dll's ...
Registered in 0.008526 seconds.
Begin MonoManager ReloadAssembly
Symbol file LoadedFromMemory doesn't match image D:\5A\Source\AI Base Project - RED versus GREEN\Library\PackageCache\com.unity.visualscripting@1.7.8\Editor\VisualScripting.Core\Dependencies\YamlDotNet\Unity.VisualScripting.YamlDotNet.dll
Symbol file LoadedFromMemory doesn't match image D:\5A\Source\AI Base Project - RED versus GREEN\Library\PackageCache\com.unity.visualscripting@1.7.8\Editor\VisualScripting.Core\Dependencies\DotNetZip\Unity.VisualScripting.IonicZip.dll
Native extension for WindowsStandalone target not found
Refreshing native plugins compatible for Editor in 2.05 ms, found 3 plugins.
Preloading 0 native plugins for Editor in 0.00 ms.
Mono: successfully reloaded assembly
- Completed reload, in  2.050 seconds
Domain Reload Profiling:
	ReloadAssembly (2052ms)
		BeginReloadAssembly (242ms)
			ExecutionOrderSort (0ms)
			DisableScriptedObjects (10ms)
			BackupInstance (0ms)
			ReleaseScriptingObjects (0ms)
			CreateAndSetChildDomain (65ms)
		EndReloadAssembly (1596ms)
			LoadAssemblies (161ms)
			RebuildTransferFunctionScriptingTraits (0ms)
			SetupTypeCache (489ms)
			ReleaseScriptCaches (2ms)
			RebuildScriptCaches (100ms)
			SetupLoadedEditorAssemblies (747ms)
				LogAssemblyErrors (0ms)
				InitializePlatformSupportModulesInManaged (35ms)
				SetLoadedEditorAssemblies (2ms)
				RefreshPlugins (2ms)
				BeforeProcessingInitializeOnLoad (150ms)
				ProcessInitializeOnLoadAttributes (487ms)
				ProcessInitializeOnLoadMethodAttributes (53ms)
				AfterProcessingInitializeOnLoad (18ms)
				EditorAssembliesLoaded (0ms)
			ExecutionOrderSort2 (0ms)
			AwakeInstancesAfterBackupRestoration (13ms)
Platform modules already initialized, skipping
Refreshing native plugins compatible for Editor in 3.24 ms, found 3 plugins.
Preloading 0 native plugins for Editor in 0.00 ms.
Unloading 3902 Unused Serialized files (Serialized files now loaded: 0)
Unloading 19 unused Assets / (25.6 KB). Loaded Objects now: 4468.
Memory consumption went from 150.5 MB to 150.5 MB.
Total: 6.319800 ms (FindLiveObjects: 0.502900 ms CreateObjectMapping: 0.415000 ms MarkObjects: 5.354500 ms  DeleteObjects: 0.045500 ms)

AssetImportParameters requested are different than current active one (requested -> active):
  custom:video-decoder-ogg-theora: a1e56fd34408186e4bbccfd4996cb3dc -> 
  custom:container-muxer-webm: aa71ff27fc2769a1b78a27578f13a17b -> 
  custom:container-demuxer-webm: 4f35f7cbe854078d1ac9338744f61a02 -> 
  custom:video-encoder-webm-vp8: eb34c28f22e8b96e1ab97ce403110664 -> 
  custom:video-codec-MediaFoundation-h265: 746d11721c4dcdbdad8f713fa42b33f4 -> 
  custom:audio-encoder-webm-vorbis: bf7c407c2cedff20999df2af8eb42d56 -> 
  custom:framework-win-MediaFoundation: 216162199b28c13a410421893ffa2e32 -> 
  custom:container-demuxer-ogg: 62fdf1f143b41e24485cea50d1cbac27 -> 
  custom:video-decoder-webm-vp8: 9c59270c3fd7afecdb556c50c9e8de78 -> 
  custom:audio-decoder-ogg-vorbis: bf7c407c2cedff20999df2af8eb42d56 -> 
